<?xml version="1.0" encoding="UTF-8"?>
<coverage generated="1779868379166" clover="3.2.0">
  <project timestamp="1779868379166" name="All files">
    <metrics statements="27" coveredstatements="2" conditionals="14" coveredconditionals="0" methods="8" coveredmethods="2" elements="49" coveredelements="4" complexity="0" loc="27" ncloc="27" packages="1" files="1" classes="1"/>
    <file name="checkin.ts" path="C:\Users\brival\Desktop\Projekty\lso-app\lib\checkin.ts">
      <metrics statements="27" coveredstatements="2" conditionals="14" coveredconditionals="0" methods="8" coveredmethods="2"/>
      <line num="9" count="0" type="stmt"/>
      <line num="10" count="0" type="stmt"/>
      <line num="11" count="0" type="stmt"/>
      <line num="13" count="0" type="stmt"/>
      <line num="17" count="0" type="stmt"/>
      <line num="28" count="0" type="stmt"/>
      <line num="37" count="0" type="cond" truecount="0" falsecount="2"/>
      <line num="39" count="0" type="stmt"/>
      <line num="44" count="0" type="cond" truecount="0" falsecount="2"/>
      <line num="46" count="0" type="stmt"/>
      <line num="54" count="0" type="stmt"/>
      <line num="62" count="0" type="stmt"/>
      <line num="63" count="0" type="cond" truecount="0" falsecount="2"/>
      <line num="64" count="0" type="stmt"/>
      <line num="67" count="0" type="stmt"/>
      <line num="68" count="0" type="stmt"/>
      <line num="70" count="0" type="stmt"/>
      <line num="72" count="0" type="stmt"/>
      <line num="75" count="0" type="cond" truecount="0" falsecount="2"/>
      <line num="76" count="0" type="stmt"/>
      <line num="78" count="0" type="stmt"/>
      <line num="89" count="0" type="stmt"/>
      <line num="90" count="0" type="cond" truecount="0" falsecount="2"/>
      <line num="91" count="0" type="stmt"/>
      <line num="95" count="5" type="stmt"/>
      <line num="103" count="0" type="stmt"/>
      <line num="107" count="2" type="stmt"/>
    </file>
  </project>
</coverage>
