{"C:\\Users\\brival\\Desktop\\Projekty\\lso-app\\lib\\checkin.ts": {"path":"C:\\Users\\brival\\Desktop\\Projekty\\lso-app\\lib\\checkin.ts","statementMap":{"0":{"start":{"line":9,"column":12},"end":{"line":9,"column":19}},"1":{"start":{"line":10,"column":15},"end":{"line":10,"column":46}},"2":{"start":{"line":11,"column":15},"end":{"line":11,"column":46}},"3":{"start":{"line":13,"column":4},"end":{"line":16,"column":27}},"4":{"start":{"line":17,"column":2},"end":{"line":17,"column":59}},"5":{"start":{"line":28,"column":28},"end":{"line":36,"column":4}},"6":{"start":{"line":37,"column":2},"end":{"line":37,"column":64}},"7":{"start":{"line":37,"column":14},"end":{"line":37,"column":64}},"8":{"start":{"line":39,"column":28},"end":{"line":43,"column":32}},"9":{"start":{"line":44,"column":2},"end":{"line":44,"column":64}},"10":{"start":{"line":44,"column":14},"end":{"line":44,"column":64}},"11":{"start":{"line":46,"column":2},"end":{"line":46,"column":26}},"12":{"start":{"line":54,"column":2},"end":{"line":54,"column":68}},"13":{"start":{"line":62,"column":21},"end":{"line":62,"column":71}},"14":{"start":{"line":63,"column":2},"end":{"line":65,"column":3}},"15":{"start":{"line":64,"column":4},"end":{"line":64,"column":113}},"16":{"start":{"line":67,"column":2},"end":{"line":71,"column":3}},"17":{"start":{"line":68,"column":4},"end":{"line":68,"column":86}},"18":{"start":{"line":70,"column":4},"end":{"line":70,"column":106}},"19":{"start":{"line":72,"column":15},"end":{"line":74,"column":3}},"20":{"start":{"line":75,"column":2},"end":{"line":77,"column":3}},"21":{"start":{"line":76,"column":4},"end":{"line":76,"column":106}},"22":{"start":{"line":78,"column":2},"end":{"line":78,"column":26}},"23":{"start":{"line":89,"column":20},"end":{"line":89,"column":45}},"24":{"start":{"line":90,"column":2},"end":{"line":90,"column":42}},"25":{"start":{"line":90,"column":26},"end":{"line":90,"column":42}},"26":{"start":{"line":91,"column":2},"end":{"line":91,"column":86}},"27":{"start":{"line":95,"column":2},"end":{"line":95,"column":51}},"28":{"start":{"line":103,"column":2},"end":{"line":103,"column":64}},"29":{"start":{"line":107,"column":2},"end":{"line":107,"column":34}}},"fnMap":{"0":{"name":"getDistanceMeters","decl":{"start":{"line":8,"column":9},"end":{"line":8,"column":26}},"loc":{"start":{"line":8,"column":91},"end":{"line":18,"column":1}},"line":8},"1":{"name":"recordAttendance","decl":{"start":{"line":20,"column":15},"end":{"line":20,"column":31}},"loc":{"start":{"line":27,"column":26},"end":{"line":47,"column":1}},"line":27},"2":{"name":"checkInButton","decl":{"start":{"line":49,"column":22},"end":{"line":49,"column":35}},"loc":{"start":{"line":53,"column":26},"end":{"line":55,"column":1}},"line":53},"3":{"name":"validateGps","decl":{"start":{"line":57,"column":22},"end":{"line":57,"column":33}},"loc":{"start":{"line":61,"column":27},"end":{"line":79,"column":1}},"line":61},"4":{"name":"checkInGps","decl":{"start":{"line":81,"column":22},"end":{"line":81,"column":32}},"loc":{"start":{"line":88,"column":27},"end":{"line":92,"column":1}},"line":88},"5":{"name":"validateParishQr","decl":{"start":{"line":94,"column":16},"end":{"line":94,"column":32}},"loc":{"start":{"line":94,"column":82},"end":{"line":96,"column":1}},"line":94},"6":{"name":"checkInQr","decl":{"start":{"line":98,"column":22},"end":{"line":98,"column":31}},"loc":{"start":{"line":102,"column":26},"end":{"line":104,"column":1}},"line":102},"7":{"name":"buildParishQrValue","decl":{"start":{"line":106,"column":16},"end":{"line":106,"column":34}},"loc":{"start":{"line":106,"column":61},"end":{"line":108,"column":1}},"line":106}},"branchMap":{"0":{"loc":{"start":{"line":34,"column":9},"end":{"line":34,"column":20}},"type":"binary-expr","locations":[{"start":{"line":34,"column":9},"end":{"line":34,"column":12}},{"start":{"line":34,"column":16},"end":{"line":34,"column":20}}],"line":34},"1":{"loc":{"start":{"line":35,"column":9},"end":{"line":35,"column":20}},"type":"binary-expr","locations":[{"start":{"line":35,"column":9},"end":{"line":35,"column":12}},{"start":{"line":35,"column":16},"end":{"line":35,"column":20}}],"line":35},"2":{"loc":{"start":{"line":37,"column":2},"end":{"line":37,"column":64}},"type":"if","locations":[{"start":{"line":37,"column":2},"end":{"line":37,"column":64}},{"start":{},"end":{}}],"line":37},"3":{"loc":{"start":{"line":44,"column":2},"end":{"line":44,"column":64}},"type":"if","locations":[{"start":{"line":44,"column":2},"end":{"line":44,"column":64}},{"start":{},"end":{}}],"line":44},"4":{"loc":{"start":{"line":63,"column":2},"end":{"line":65,"column":3}},"type":"if","locations":[{"start":{"line":63,"column":2},"end":{"line":65,"column":3}},{"start":{},"end":{}}],"line":63},"5":{"loc":{"start":{"line":75,"column":2},"end":{"line":77,"column":3}},"type":"if","locations":[{"start":{"line":75,"column":2},"end":{"line":77,"column":3}},{"start":{},"end":{}}],"line":75},"6":{"loc":{"start":{"line":90,"column":2},"end":{"line":90,"column":42}},"type":"if","locations":[{"start":{"line":90,"column":2},"end":{"line":90,"column":42}},{"start":{},"end":{}}],"line":90}},"s":{"0":0,"1":0,"2":0,"3":0,"4":0,"5":0,"6":0,"7":0,"8":0,"9":0,"10":0,"11":0,"12":0,"13":0,"14":0,"15":0,"16":0,"17":0,"18":0,"19":0,"20":0,"21":0,"22":0,"23":0,"24":0,"25":0,"26":0,"27":5,"28":0,"29":2},"f":{"0":0,"1":0,"2":0,"3":0,"4":0,"5":5,"6":0,"7":2},"b":{"0":[0,0],"1":[0,0],"2":[0,0],"3":[0,0],"4":[0,0],"5":[0,0],"6":[0,0]},"_coverageSchema":"1a1c01bbd47fc00a2c39e90264f33305004495a9","hash":"84c2638f80897d4218c194e04a13d7a407a8544e"}
}
