TN:
SF:lib\checkin.ts
FN:8,getDistanceMeters
FN:20,recordAttendance
FN:49,checkInButton
FN:57,validateGps
FN:81,checkInGps
FN:94,validateParishQr
FN:98,checkInQr
FN:106,buildParishQrValue
FNF:8
FNH:2
FNDA:0,getDistanceMeters
FNDA:0,recordAttendance
FNDA:0,checkInButton
FNDA:0,validateGps
FNDA:0,checkInGps
FNDA:5,validateParishQr
FNDA:0,checkInQr
FNDA:2,buildParishQrValue
DA:9,0
DA:10,0
DA:11,0
DA:13,0
DA:17,0
DA:28,0
DA:37,0
DA:39,0
DA:44,0
DA:46,0
DA:54,0
DA:62,0
DA:63,0
DA:64,0
DA:67,0
DA:68,0
DA:70,0
DA:72,0
DA:75,0
DA:76,0
DA:78,0
DA:89,0
DA:90,0
DA:91,0
DA:95,5
DA:103,0
DA:107,2
LF:27
LH:2
BRDA:34,0,0,0
BRDA:34,0,1,0
BRDA:35,1,0,0
BRDA:35,1,1,0
BRDA:37,2,0,0
BRDA:37,2,1,0
BRDA:44,3,0,0
BRDA:44,3,1,0
BRDA:63,4,0,0
BRDA:63,4,1,0
BRDA:75,5,0,0
BRDA:75,5,1,0
BRDA:90,6,0,0
BRDA:90,6,1,0
BRF:14
BRH:0
end_of_record
